<?xml version="1.0" encoding="UTF-8"?>
<!-- Generated by org.testng.reporters.JUnitReportReporter -->
<testsuite skipped="0" hostname="DESKTOP-3R73L8V" name="responsevalidations2.Lab11_AuthenticationTypes" tests="2" failures="0" timestamp="2020-06-02T06:23:05 IST" time="7.890" errors="0">
  <testcase name="testBasicAuthentication1" time="6.014" classname="responsevalidations2.Lab11_AuthenticationTypes"/>
  <system-out/>
  <testcase name="testBearerTokenAuthentication" time="1.876" classname="responsevalidations2.Lab11_AuthenticationTypes"/>
  <system-out/>
</testsuite> <!-- responsevalidations2.Lab11_AuthenticationTypes -->
