<?xml version="1.0" encoding="UTF-8"?>
<!-- Generated by org.testng.reporters.JUnitReportReporter -->
<testsuite skipped="0" hostname="DESKTOP-3R73L8V" name="testCases.TC_VideoGameAPI_Tests" tests="5" failures="0" timestamp="2020-06-04T07:32:58 IST" time="5.890" errors="0">
  <testcase name="test_getAllVideoGames" time="3.226" classname="testCases.TC_VideoGameAPI_Tests"/>
  <system-out/>
  <testcase name="test_addNewVideoGame" time="1.302" classname="testCases.TC_VideoGameAPI_Tests"/>
  <system-out/>
  <testcase name="test_getVideoGame" time="1.184" classname="testCases.TC_VideoGameAPI_Tests"/>
  <system-out/>
  <testcase name="test_UpdateVideoGame" time="0.125" classname="testCases.TC_VideoGameAPI_Tests"/>
  <system-out/>
  <testcase name="test_DeleteVideoGame" time="0.053" classname="testCases.TC_VideoGameAPI_Tests"/>
  <system-out/>
</testsuite> <!-- testCases.TC_VideoGameAPI_Tests -->
