<?xml version="1.0" encoding="UTF-8"?>
<!-- Generated by org.testng.reporters.JUnitReportReporter -->
<testsuite skipped="0" hostname="DESKTOP-3R73L8V" name="fakeAPITests.GET_Request" tests="1" failures="0" timestamp="2020-05-27T07:31:31 IST" time="4.757" errors="0">
  <testcase name="getSingleuserData" time="4.757" classname="fakeAPITests.GET_Request"/>
  <system-out/>
</testsuite> <!-- fakeAPITests.GET_Request -->
