<?xml version="1.0" encoding="UTF-8"?>
<!-- Generated by org.testng.reporters.JUnitReportReporter -->
<testsuite skipped="0" hostname="DESKTOP-3R73L8V" name="responsevalidations2.Headers" tests="1" failures="0" timestamp="2020-05-29T07:37:32 IST" time="4.222" errors="0">
  <testcase name="gogolePlaceAPI" time="4.222" classname="responsevalidations2.Headers"/>
  <system-out/>
</testsuite> <!-- responsevalidations2.Headers -->
