<?xml version="1.0" encoding="UTF-8"?>
<!-- Generated by org.testng.reporters.JUnitReportReporter -->
<testsuite skipped="0" hostname="DESKTOP-3R73L8V" name="fakeAPITests.DELETE_Request" tests="1" failures="0" timestamp="2020-05-27T07:50:44 IST" time="3.300" errors="0">
  <testcase name="deleteUser" time="3.300" classname="fakeAPITests.DELETE_Request"/>
  <system-out/>
</testsuite> <!-- fakeAPITests.DELETE_Request -->
