<?xml version="1.0" encoding="UTF-8"?>
<!-- Generated by org.testng.reporters.JUnitReportReporter -->
<testsuite skipped="0" hostname="DESKTOP-3R73L8V" name="responsevalidations.ValidationsonJSON" tests="3" failures="0" timestamp="2020-05-28T07:06:56 IST" time="4.971" errors="0">
  <testcase name="sampleRequest" time="3.353" classname="responsevalidations.ValidationsonJSON"/>
  <system-out/>
  <testcase name="checkJSONdata" time="1.550" classname="responsevalidations.ValidationsonJSON"/>
  <system-out/>
  <testcase name="passingParameters" time="0.068" classname="responsevalidations.ValidationsonJSON"/>
  <system-out/>
</testsuite> <!-- responsevalidations.ValidationsonJSON -->
