<?xml version="1.0" encoding="UTF-8"?>
<!-- Generated by org.testng.reporters.JUnitReportReporter -->
<testsuite skipped="0" hostname="DESKTOP-3R73L8V" name="responsevalidations2.AuthenticationTypes" tests="1" failures="0" timestamp="2020-06-02T07:10:28 IST" time="5.269" errors="0">
  <testcase name="testBearTokenAuthentication" time="5.269" classname="responsevalidations2.AuthenticationTypes"/>
  <system-out/>
</testsuite> <!-- responsevalidations2.AuthenticationTypes -->
