<?xml version="1.0" encoding="UTF-8"?>
<!-- Generated by org.testng.reporters.JUnitReportReporter -->
<testsuite skipped="0" hostname="DESKTOP-3R73L8V" name="responsevalidations.ValidationsonXML" tests="5" failures="1" timestamp="2020-05-28T07:30:36 IST" time="7.400" errors="0">
  <testcase name="testSingleContent" time="5.479" classname="responsevalidations.ValidationsonXML"/>
  <system-out/>
  <testcase name="testMultipleContents" time="0.571" classname="responsevalidations.ValidationsonXML"/>
  <system-out/>
  <testcase name="testMultipleContentsinSingleShot" time="0.449" classname="responsevalidations.ValidationsonXML"/>
  <system-out/>
  <testcase name="testUsingXPath" time="0.492" classname="responsevalidations.ValidationsonXML"/>
  <system-out/>
  <testcase name="testUsingXPath2" time="0.409" classname="responsevalidations.ValidationsonXML">
    <failure type="java.lang.AssertionError" message="1 expectation failed.
Expected: an XML document with XPath /INVOICEList/INVOICE[text()=&#039;100&#039;]
  Actual: &lt;?xml version=&quot;1.0&quot; standalone=&quot;no&quot;?&gt;&lt;INVOICEList xmlns:xlink=&quot;http://www.w3.org/1999/xlink&quot;&gt;
    &lt;INVOICE xlink:href=&quot;http://thomas-bayer.com/sqlrest/INVOICE/0/&quot;&gt;0&lt;/INVOICE&gt;
    &lt;INVOICE xlink:href=&quot;http://thomas-bayer.com/sqlrest/INVOICE/1/&quot;&gt;1&lt;/INVOICE&gt;
    &lt;INVOICE xlink:href=&quot;http://thomas-bayer.com/sqlrest/INVOICE/2/&quot;&gt;2&lt;/INVOICE&gt;
    &lt;INVOICE xlink:href=&quot;http://thomas-bayer.com/sqlrest/INVOICE/3/&quot;&gt;3&lt;/INVOICE&gt;
    &lt;INVOICE xlink:href=&quot;http://thomas-bayer.com/sqlrest/INVOICE/4/&quot;&gt;4&lt;/INVOICE&gt;
    &lt;INVOICE xlink:href=&quot;http://thomas-bayer.com/sqlrest/INVOICE/5/&quot;&gt;5&lt;/INVOICE&gt;
    &lt;INVOICE xlink:href=&quot;http://thomas-bayer.com/sqlrest/INVOICE/6/&quot;&gt;6&lt;/INVOICE&gt;
    &lt;INVOICE xlink:href=&quot;http://thomas-bayer.com/sqlrest/INVOICE/7/&quot;&gt;7&lt;/INVOICE&gt;
    &lt;INVOICE xlink:href=&quot;http://thomas-bayer.com/sqlrest/INVOICE/8/&quot;&gt;8&lt;/INVOICE&gt;
    &lt;INVOICE xlink:href=&quot;http://thomas-bayer.com/sqlrest/INVOICE/9/&quot;&gt;9&lt;/INVOICE&gt;
    &lt;INVOICE xlink:href=&quot;http://thomas-bayer.com/sqlrest/INVOICE/10/&quot;&gt;10&lt;/INVOICE&gt;
    &lt;INVOICE xlink:href=&quot;http://thomas-bayer.com/sqlrest/INVOICE/11/&quot;&gt;11&lt;/INVOICE&gt;
    &lt;INVOICE xlink:href=&quot;http://thomas-bayer.com/sqlrest/INVOICE/12/&quot;&gt;12&lt;/INVOICE&gt;
    &lt;INVOICE xlink:href=&quot;http://thomas-bayer.com/sqlrest/INVOICE/13/&quot;&gt;13&lt;/INVOICE&gt;
    &lt;INVOICE xlink:href=&quot;http://thomas-bayer.com/sqlrest/INVOICE/14/&quot;&gt;14&lt;/INVOICE&gt;
    &lt;INVOICE xlink:href=&quot;http://thomas-bayer.com/sqlrest/INVOICE/15/&quot;&gt;15&lt;/INVOICE&gt;
    &lt;INVOICE xlink:href=&quot;http://thomas-bayer.com/sqlrest/INVOICE/16/&quot;&gt;16&lt;/INVOICE&gt;
    &lt;INVOICE xlink:href=&quot;http://thomas-bayer.com/sqlrest/INVOICE/17/&quot;&gt;17&lt;/INVOICE&gt;
    &lt;INVOICE xlink:href=&quot;http://thomas-bayer.com/sqlrest/INVOICE/18/&quot;&gt;18&lt;/INVOICE&gt;
    &lt;INVOICE xlink:href=&quot;http://thomas-bayer.com/sqlrest/INVOICE/19/&quot;&gt;19&lt;/INVOICE&gt;
    &lt;INVOICE xlink:href=&quot;http://thomas-bayer.com/sqlrest/INVOICE/20/&quot;&gt;20&lt;/INVOICE&gt;
    &lt;INVOICE xlink:href=&quot;http://thomas-bayer.com/sqlrest/INVOICE/21/&quot;&gt;21&lt;/INVOICE&gt;
    &lt;INVOICE xlink:href=&quot;http://thomas-bayer.com/sqlrest/INVOICE/22/&quot;&gt;22&lt;/INVOICE&gt;
    &lt;INVOICE xlink:href=&quot;http://thomas-bayer.com/sqlrest/INVOICE/23/&quot;&gt;23&lt;/INVOICE&gt;
    &lt;INVOICE xlink:href=&quot;http://thomas-bayer.com/sqlrest/INVOICE/24/&quot;&gt;24&lt;/INVOICE&gt;
    &lt;INVOICE xlink:href=&quot;http://thomas-bayer.com/sqlrest/INVOICE/25/&quot;&gt;25&lt;/INVOICE&gt;
    &lt;INVOICE xlink:href=&quot;http://thomas-bayer.com/sqlrest/INVOICE/26/&quot;&gt;26&lt;/INVOICE&gt;
    &lt;INVOICE xlink:href=&quot;http://thomas-bayer.com/sqlrest/INVOICE/27/&quot;&gt;27&lt;/INVOICE&gt;
    &lt;INVOICE xlink:href=&quot;http://thomas-bayer.com/sqlrest/INVOICE/28/&quot;&gt;28&lt;/INVOICE&gt;
    &lt;INVOICE xlink:href=&quot;http://thomas-bayer.com/sqlrest/INVOICE/29/&quot;&gt;29&lt;/INVOICE&gt;
    &lt;INVOICE xlink:href=&quot;http://thomas-bayer.com/sqlrest/INVOICE/30/&quot;&gt;30&lt;/INVOICE&gt;
    &lt;INVOICE xlink:href=&quot;http://thomas-bayer.com/sqlrest/INVOICE/31/&quot;&gt;31&lt;/INVOICE&gt;
    &lt;INVOICE xlink:href=&quot;http://thomas-bayer.com/sqlrest/INVOICE/32/&quot;&gt;32&lt;/INVOICE&gt;
    &lt;INVOICE xlink:href=&quot;http://thomas-bayer.com/sqlrest/INVOICE/33/&quot;&gt;33&lt;/INVOICE&gt;
    &lt;INVOICE xlink:href=&quot;http://thomas-bayer.com/sqlrest/INVOICE/34/&quot;&gt;34&lt;/INVOICE&gt;
    &lt;INVOICE xlink:href=&quot;http://thomas-bayer.com/sqlrest/INVOICE/35/&quot;&gt;35&lt;/INVOICE&gt;
    &lt;INVOICE xlink:href=&quot;http://thomas-bayer.com/sqlrest/INVOICE/36/&quot;&gt;36&lt;/INVOICE&gt;
    &lt;INVOICE xlink:href=&quot;http://thomas-bayer.com/sqlrest/INVOICE/37/&quot;&gt;37&lt;/INVOICE&gt;
    &lt;INVOICE xlink:href=&quot;http://thomas-bayer.com/sqlrest/INVOICE/38/&quot;&gt;38&lt;/INVOICE&gt;
    &lt;INVOICE xlink:href=&quot;http://thomas-bayer.com/sqlrest/INVOICE/39/&quot;&gt;39&lt;/INVOICE&gt;
    &lt;INVOICE xlink:href=&quot;http://thomas-bayer.com/sqlrest/INVOICE/40/&quot;&gt;40&lt;/INVOICE&gt;
    &lt;INVOICE xlink:href=&quot;http://thomas-bayer.com/sqlrest/INVOICE/41/&quot;&gt;41&lt;/INVOICE&gt;
    &lt;INVOICE xlink:href=&quot;http://thomas-bayer.com/sqlrest/INVOICE/42/&quot;&gt;42&lt;/INVOICE&gt;
    &lt;INVOICE xlink:href=&quot;http://thomas-bayer.com/sqlrest/INVOICE/43/&quot;&gt;43&lt;/INVOICE&gt;
    &lt;INVOICE xlink:href=&quot;http://thomas-bayer.com/sqlrest/INVOICE/44/&quot;&gt;44&lt;/INVOICE&gt;
    &lt;INVOICE xlink:href=&quot;http://thomas-bayer.com/sqlrest/INVOICE/45/&quot;&gt;45&lt;/INVOICE&gt;
    &lt;INVOICE xlink:href=&quot;http://thomas-bayer.com/sqlrest/INVOICE/46/&quot;&gt;46&lt;/INVOICE&gt;
    &lt;INVOICE xlink:href=&quot;http://thomas-bayer.com/sqlrest/INVOICE/47/&quot;&gt;47&lt;/INVOICE&gt;
    &lt;INVOICE xlink:href=&quot;http://thomas-bayer.com/sqlrest/INVOICE/48/&quot;&gt;48&lt;/INVOICE&gt;
    &lt;INVOICE xlink:href=&quot;http://thomas-bayer.com/sqlrest/INVOICE/49/&quot;&gt;49&lt;/INVOICE&gt;
&lt;/INVOICEList&gt;
">
      <![CDATA[java.lang.AssertionError: 1 expectation failed.
Expected: an XML document with XPath /INVOICEList/INVOICE[text()='100']
  Actual: <?xml version="1.0" standalone="no"?><INVOICEList xmlns:xlink="http://www.w3.org/1999/xlink">
    <INVOICE xlink:href="http://thomas-bayer.com/sqlrest/INVOICE/0/">0</INVOICE>
    <INVOICE xlink:href="http://thomas-bayer.com/sqlrest/INVOICE/1/">1</INVOICE>
    <INVOICE xlink:href="http://thomas-bayer.com/sqlrest/INVOICE/2/">2</INVOICE>
    <INVOICE xlink:href="http://thomas-bayer.com/sqlrest/INVOICE/3/">3</INVOICE>
    <INVOICE xlink:href="http://thomas-bayer.com/sqlrest/INVOICE/4/">4</INVOICE>
    <INVOICE xlink:href="http://thomas-bayer.com/sqlrest/INVOICE/5/">5</INVOICE>
    <INVOICE xlink:href="http://thomas-bayer.com/sqlrest/INVOICE/6/">6</INVOICE>
    <INVOICE xlink:href="http://thomas-bayer.com/sqlrest/INVOICE/7/">7</INVOICE>
    <INVOICE xlink:href="http://thomas-bayer.com/sqlrest/INVOICE/8/">8</INVOICE>
    <INVOICE xlink:href="http://thomas-bayer.com/sqlrest/INVOICE/9/">9</INVOICE>
    <INVOICE xlink:href="http://thomas-bayer.com/sqlrest/INVOICE/10/">10</INVOICE>
    <INVOICE xlink:href="http://thomas-bayer.com/sqlrest/INVOICE/11/">11</INVOICE>
    <INVOICE xlink:href="http://thomas-bayer.com/sqlrest/INVOICE/12/">12</INVOICE>
    <INVOICE xlink:href="http://thomas-bayer.com/sqlrest/INVOICE/13/">13</INVOICE>
    <INVOICE xlink:href="http://thomas-bayer.com/sqlrest/INVOICE/14/">14</INVOICE>
    <INVOICE xlink:href="http://thomas-bayer.com/sqlrest/INVOICE/15/">15</INVOICE>
    <INVOICE xlink:href="http://thomas-bayer.com/sqlrest/INVOICE/16/">16</INVOICE>
    <INVOICE xlink:href="http://thomas-bayer.com/sqlrest/INVOICE/17/">17</INVOICE>
    <INVOICE xlink:href="http://thomas-bayer.com/sqlrest/INVOICE/18/">18</INVOICE>
    <INVOICE xlink:href="http://thomas-bayer.com/sqlrest/INVOICE/19/">19</INVOICE>
    <INVOICE xlink:href="http://thomas-bayer.com/sqlrest/INVOICE/20/">20</INVOICE>
    <INVOICE xlink:href="http://thomas-bayer.com/sqlrest/INVOICE/21/">21</INVOICE>
    <INVOICE xlink:href="http://thomas-bayer.com/sqlrest/INVOICE/22/">22</INVOICE>
    <INVOICE xlink:href="http://thomas-bayer.com/sqlrest/INVOICE/23/">23</INVOICE>
    <INVOICE xlink:href="http://thomas-bayer.com/sqlrest/INVOICE/24/">24</INVOICE>
    <INVOICE xlink:href="http://thomas-bayer.com/sqlrest/INVOICE/25/">25</INVOICE>
    <INVOICE xlink:href="http://thomas-bayer.com/sqlrest/INVOICE/26/">26</INVOICE>
    <INVOICE xlink:href="http://thomas-bayer.com/sqlrest/INVOICE/27/">27</INVOICE>
    <INVOICE xlink:href="http://thomas-bayer.com/sqlrest/INVOICE/28/">28</INVOICE>
    <INVOICE xlink:href="http://thomas-bayer.com/sqlrest/INVOICE/29/">29</INVOICE>
    <INVOICE xlink:href="http://thomas-bayer.com/sqlrest/INVOICE/30/">30</INVOICE>
    <INVOICE xlink:href="http://thomas-bayer.com/sqlrest/INVOICE/31/">31</INVOICE>
    <INVOICE xlink:href="http://thomas-bayer.com/sqlrest/INVOICE/32/">32</INVOICE>
    <INVOICE xlink:href="http://thomas-bayer.com/sqlrest/INVOICE/33/">33</INVOICE>
    <INVOICE xlink:href="http://thomas-bayer.com/sqlrest/INVOICE/34/">34</INVOICE>
    <INVOICE xlink:href="http://thomas-bayer.com/sqlrest/INVOICE/35/">35</INVOICE>
    <INVOICE xlink:href="http://thomas-bayer.com/sqlrest/INVOICE/36/">36</INVOICE>
    <INVOICE xlink:href="http://thomas-bayer.com/sqlrest/INVOICE/37/">37</INVOICE>
    <INVOICE xlink:href="http://thomas-bayer.com/sqlrest/INVOICE/38/">38</INVOICE>
    <INVOICE xlink:href="http://thomas-bayer.com/sqlrest/INVOICE/39/">39</INVOICE>
    <INVOICE xlink:href="http://thomas-bayer.com/sqlrest/INVOICE/40/">40</INVOICE>
    <INVOICE xlink:href="http://thomas-bayer.com/sqlrest/INVOICE/41/">41</INVOICE>
    <INVOICE xlink:href="http://thomas-bayer.com/sqlrest/INVOICE/42/">42</INVOICE>
    <INVOICE xlink:href="http://thomas-bayer.com/sqlrest/INVOICE/43/">43</INVOICE>
    <INVOICE xlink:href="http://thomas-bayer.com/sqlrest/INVOICE/44/">44</INVOICE>
    <INVOICE xlink:href="http://thomas-bayer.com/sqlrest/INVOICE/45/">45</INVOICE>
    <INVOICE xlink:href="http://thomas-bayer.com/sqlrest/INVOICE/46/">46</INVOICE>
    <INVOICE xlink:href="http://thomas-bayer.com/sqlrest/INVOICE/47/">47</INVOICE>
    <INVOICE xlink:href="http://thomas-bayer.com/sqlrest/INVOICE/48/">48</INVOICE>
    <INVOICE xlink:href="http://thomas-bayer.com/sqlrest/INVOICE/49/">49</INVOICE>
</INVOICEList>

at sun.reflect.NativeConstructorAccessorImpl.newInstance0(Native Method)
at sun.reflect.NativeConstructorAccessorImpl.newInstance(Unknown Source)
at sun.reflect.DelegatingConstructorAccessorImpl.newInstance(Unknown Source)
at java.lang.reflect.Constructor.newInstance(Unknown Source)
at org.codehaus.groovy.reflection.CachedConstructor.invoke(CachedConstructor.java:72)
at org.codehaus.groovy.reflection.CachedConstructor.doConstructorInvoke(CachedConstructor.java:59)
at org.codehaus.groovy.runtime.callsite.ConstructorSite$ConstructorSiteNoUnwrap.callConstructor(ConstructorSite.java:84)
at org.codehaus.groovy.runtime.callsite.CallSiteArray.defaultCallConstructor(CallSiteArray.java:59)
at org.codehaus.groovy.runtime.callsite.AbstractCallSite.callConstructor(AbstractCallSite.java:263)
at org.codehaus.groovy.runtime.callsite.AbstractCallSite.callConstructor(AbstractCallSite.java:277)
at io.restassured.internal.ResponseSpecificationImpl$HamcrestAssertionClosure.validate(ResponseSpecificationImpl.groovy:493)
at io.restassured.internal.ResponseSpecificationImpl$HamcrestAssertionClosure$validate$1.call(Unknown Source)
at io.restassured.internal.ResponseSpecificationImpl.validateResponseIfRequired(ResponseSpecificationImpl.groovy:674)
at sun.reflect.NativeMethodAccessorImpl.invoke0(Native Method)
at sun.reflect.NativeMethodAccessorImpl.invoke(Unknown Source)
at sun.reflect.DelegatingMethodAccessorImpl.invoke(Unknown Source)
at java.lang.reflect.Method.invoke(Unknown Source)
at org.codehaus.groovy.runtime.callsite.PlainObjectMetaMethodSite.doInvoke(PlainObjectMetaMethodSite.java:43)
at org.codehaus.groovy.runtime.callsite.PogoMetaMethodSite$PogoCachedMethodSiteNoUnwrapNoCoerce.invoke(PogoMetaMethodSite.java:193)
at org.codehaus.groovy.runtime.callsite.PogoMetaMethodSite.callCurrent(PogoMetaMethodSite.java:61)
at org.codehaus.groovy.runtime.callsite.AbstractCallSite.callCurrent(AbstractCallSite.java:185)
at io.restassured.internal.ResponseSpecificationImpl.body(ResponseSpecificationImpl.groovy:98)
at io.restassured.internal.ValidatableResponseOptionsImpl.body(ValidatableResponseOptionsImpl.java:238)
at io.restassured.internal.ValidatableResponseImpl.super$2$body(ValidatableResponseImpl.groovy)
at sun.reflect.NativeMethodAccessorImpl.invoke0(Native Method)
at sun.reflect.NativeMethodAccessorImpl.invoke(Unknown Source)
at sun.reflect.DelegatingMethodAccessorImpl.invoke(Unknown Source)
at java.lang.reflect.Method.invoke(Unknown Source)
at org.codehaus.groovy.reflection.CachedMethod.invoke(CachedMethod.java:107)
at groovy.lang.MetaMethod.doMethodInvoke(MetaMethod.java:323)
at groovy.lang.MetaClassImpl.invokeMethod(MetaClassImpl.java:1262)
at org.codehaus.groovy.runtime.ScriptBytecodeAdapter.invokeMethodOnSuperN(ScriptBytecodeAdapter.java:144)
at io.restassured.internal.ValidatableResponseImpl.body(ValidatableResponseImpl.groovy:293)
at io.restassured.internal.ValidatableResponseImpl.body(ValidatableResponseImpl.groovy)
at responsevalidations.ValidationsonXML.testUsingXPath2(ValidationsonXML.java:85)
at sun.reflect.NativeMethodAccessorImpl.invoke0(Native Method)
at sun.reflect.NativeMethodAccessorImpl.invoke(Unknown Source)
at sun.reflect.DelegatingMethodAccessorImpl.invoke(Unknown Source)
at java.lang.reflect.Method.invoke(Unknown Source)
at org.testng.internal.MethodInvocationHelper.invokeMethod(MethodInvocationHelper.java:135)
at org.testng.internal.TestInvoker.invokeMethod(TestInvoker.java:598)
at org.testng.internal.TestInvoker.invokeTestMethod(TestInvoker.java:174)
at org.testng.internal.MethodRunner.runInSequence(MethodRunner.java:46)
at org.testng.internal.TestInvoker$MethodInvocationAgent.invoke(TestInvoker.java:821)
at org.testng.internal.TestInvoker.invokeTestMethods(TestInvoker.java:147)
at org.testng.internal.TestMethodWorker.invokeTestMethods(TestMethodWorker.java:146)
at org.testng.internal.TestMethodWorker.run(TestMethodWorker.java:128)
at java.util.ArrayList.forEach(Unknown Source)
at org.testng.TestRunner.privateRun(TestRunner.java:767)
at org.testng.TestRunner.run(TestRunner.java:588)
at org.testng.SuiteRunner.runTest(SuiteRunner.java:384)
at org.testng.SuiteRunner.runSequentially(SuiteRunner.java:378)
at org.testng.SuiteRunner.privateRun(SuiteRunner.java:337)
at org.testng.SuiteRunner.run(SuiteRunner.java:286)
at org.testng.SuiteRunnerWorker.runSuite(SuiteRunnerWorker.java:53)
at org.testng.SuiteRunnerWorker.run(SuiteRunnerWorker.java:96)
at org.testng.TestNG.runSuitesSequentially(TestNG.java:1214)
at org.testng.TestNG.runSuitesLocally(TestNG.java:1136)
at org.testng.TestNG.runSuites(TestNG.java:1066)
at org.testng.TestNG.run(TestNG.java:1034)
at org.testng.remote.AbstractRemoteTestNG.run(AbstractRemoteTestNG.java:115)
at org.testng.remote.RemoteTestNG.initAndRun(RemoteTestNG.java:251)
at org.testng.remote.RemoteTestNG.main(RemoteTestNG.java:77)
]]>
    </failure>
  </testcase> <!-- testUsingXPath2 -->
  <system-out/>
</testsuite> <!-- responsevalidations.ValidationsonXML -->
