<?xml version="1.0" encoding="UTF-8"?>
<!-- Generated by org.testng.reporters.JUnitReportReporter -->
<testsuite skipped="0" hostname="DESKTOP-3R73L8V" name="fakeAPITests.POST_Request" tests="1" failures="0" timestamp="2020-05-27T07:42:35 IST" time="5.775" errors="0">
  <testcase name="postUser" time="5.775" classname="fakeAPITests.POST_Request"/>
  <system-out/>
</testsuite> <!-- fakeAPITests.POST_Request -->
