<?xml version="1.0" encoding="UTF-8"?>
<!-- Generated by org.testng.reporters.JUnitReportReporter -->
<testsuite skipped="0" hostname="DESKTOP-3R73L8V" name="responsevalidations2.Logging" tests="1" failures="0" timestamp="2020-06-01T07:27:59 IST" time="5.149" errors="0">
  <testcase name="testLogging1" time="5.149" classname="responsevalidations2.Logging"/>
  <system-out/>
</testsuite> <!-- responsevalidations2.Logging -->
