<?xml version="1.0" encoding="UTF-8"?>
<!-- Generated by org.testng.reporters.JUnitReportReporter -->
<testsuite skipped="0" hostname="DESKTOP-3R73L8V" name="tests.Lab11_AuthenticationTypes" tests="2" failures="0" timestamp="2020-06-01T10:26:00 IST" time="6.102" errors="0">
  <testcase name="testBasicAuthentication1" time="4.356" classname="tests.Lab11_AuthenticationTypes"/>
  <system-out/>
  <testcase name="testBearerTokenAuthentication" time="1.746" classname="tests.Lab11_AuthenticationTypes"/>
  <system-out/>
</testsuite> <!-- tests.Lab11_AuthenticationTypes -->
