<?xml version="1.0" encoding="UTF-8"?>
<!-- Generated by org.testng.reporters.JUnitReportReporter -->
<testsuite skipped="0" hostname="DESKTOP-3R73L8V" name="testCases.TC_Post_VideoGame_DDT" tests="10" failures="0" timestamp="2020-06-04T07:32:58 IST" time="0.554" errors="0">
  <testcase name="test_addNewVideoGame" time="0.040" classname="testCases.TC_Post_VideoGame_DDT"/>
  <system-out/>
  <testcase name="test_addNewVideoGame" time="0.044" classname="testCases.TC_Post_VideoGame_DDT"/>
  <system-out/>
  <testcase name="test_addNewVideoGame" time="0.029" classname="testCases.TC_Post_VideoGame_DDT"/>
  <system-out/>
  <testcase name="test_addNewVideoGame" time="0.031" classname="testCases.TC_Post_VideoGame_DDT"/>
  <system-out/>
  <testcase name="test_addNewVideoGame" time="0.028" classname="testCases.TC_Post_VideoGame_DDT"/>
  <system-out/>
  <testcase name="test_getVideoGame" time="0.066" classname="testCases.TC_Post_VideoGame_DDT"/>
  <system-out/>
  <testcase name="test_getVideoGame" time="0.059" classname="testCases.TC_Post_VideoGame_DDT"/>
  <system-out/>
  <testcase name="test_getVideoGame" time="0.078" classname="testCases.TC_Post_VideoGame_DDT"/>
  <system-out/>
  <testcase name="test_getVideoGame" time="0.124" classname="testCases.TC_Post_VideoGame_DDT"/>
  <system-out/>
  <testcase name="test_getVideoGame" time="0.055" classname="testCases.TC_Post_VideoGame_DDT"/>
  <system-out/>
</testsuite> <!-- testCases.TC_Post_VideoGame_DDT -->
