<?xml version="1.0" encoding="UTF-8"?>
<!-- Generated by org.testng.reporters.JUnitReportReporter -->
<testsuite skipped="0" hostname="DESKTOP-3R73L8V" name="responsevalidations2.ExtractResponseinDiffWays" tests="1" failures="0" timestamp="2020-05-29T07:01:02 IST" time="5.203" errors="0">
  <testcase name="testResponse" time="5.203" classname="responsevalidations2.ExtractResponseinDiffWays"/>
  <system-out/>
</testsuite> <!-- responsevalidations2.ExtractResponseinDiffWays -->
