<?xml version="1.0" encoding="UTF-8"?>
<!-- Generated by org.testng.reporters.JUnitReportReporter -->
<testsuite skipped="0" hostname="DESKTOP-3R73L8V" name="responsevalidations2.ParametersDemo" tests="1" failures="0" timestamp="2020-06-01T07:16:59 IST" time="4.802" errors="0">
  <testcase name="testParams" time="4.802" classname="responsevalidations2.ParametersDemo"/>
  <system-out/>
</testsuite> <!-- responsevalidations2.ParametersDemo -->
