<?xml version="1.0" encoding="UTF-8"?>
<!-- Generated by org.testng.reporters.JUnitReportReporter -->
<testsuite skipped="0" hostname="DESKTOP-3R73L8V" name="responsevalidations2.Cookies" tests="1" failures="0" timestamp="2020-06-01T07:06:15 IST" time="4.619" errors="0">
  <testcase name="testDetailedCookies" time="4.619" classname="responsevalidations2.Cookies"/>
  <system-out/>
</testsuite> <!-- responsevalidations2.Cookies -->
